<?xml version="1.0" encoding="UTF-8"?>
<testsuite xmlns:xsi="http://www.w3.org/2001/XMLSchema-instance" xsi:noNamespaceSchemaLocation="https://maven.apache.org/surefire/maven-surefire-plugin/xsd/surefire-test-report.xsd" name="necto.sonarlint.mockplugin.MockSensorTest" time="0.029" tests="5" errors="0" skipped="0" failures="0">
  <properties>
    <property name="java.specification.version" value="14"/>
    <property name="sun.jnu.encoding" value="UTF-8"/>
    <property name="java.class.path" value="/home/arseniy/proj/sonarlint-mockplugin/target/test-classes:/home/arseniy/proj/sonarlint-mockplugin/target/classes:/home/arseniy/.m2/repository/org/sonarsource/api/plugin/sonar-plugin-api/9.13.0.360/sonar-plugin-api-9.13.0.360.jar:/home/arseniy/.m2/repository/org/sonarsource/analyzer-commons/sonar-analyzer-commons/2.5.0.1358/sonar-analyzer-commons-2.5.0.1358.jar:/home/arseniy/.m2/repository/org/junit/jupiter/junit-jupiter/5.9.1/junit-jupiter-5.9.1.jar:/home/arseniy/.m2/repository/org/junit/jupiter/junit-jupiter-api/5.9.1/junit-jupiter-api-5.9.1.jar:/home/arseniy/.m2/repository/org/opentest4j/opentest4j/1.2.0/opentest4j-1.2.0.jar:/home/arseniy/.m2/repository/org/junit/platform/junit-platform-commons/1.9.1/junit-platform-commons-1.9.1.jar:/home/arseniy/.m2/repository/org/apiguardian/apiguardian-api/1.1.2/apiguardian-api-1.1.2.jar:/home/arseniy/.m2/repository/org/junit/jupiter/junit-jupiter-params/5.9.1/junit-jupiter-params-5.9.1.jar:/home/arseniy/.m2/repository/org/junit/jupiter/junit-jupiter-engine/5.9.1/junit-jupiter-engine-5.9.1.jar:/home/arseniy/.m2/repository/org/junit/platform/junit-platform-engine/1.9.1/junit-platform-engine-1.9.1.jar:/home/arseniy/.m2/repository/org/assertj/assertj-core/3.23.1/assertj-core-3.23.1.jar:/home/arseniy/.m2/repository/net/bytebuddy/byte-buddy/1.12.10/byte-buddy-1.12.10.jar:/home/arseniy/.m2/repository/org/sonarsource/sonarqube/sonar-plugin-api-impl/9.8.0.63668/sonar-plugin-api-impl-9.8.0.63668.jar:/home/arseniy/.m2/repository/commons-codec/commons-codec/1.15/commons-codec-1.15.jar:/home/arseniy/.m2/repository/commons-io/commons-io/2.11.0/commons-io-2.11.0.jar:/home/arseniy/.m2/repository/commons-lang/commons-lang/2.6/commons-lang-2.6.jar:/home/arseniy/.m2/repository/org/apache/commons/commons-csv/1.9.0/commons-csv-1.9.0.jar:/home/arseniy/.m2/repository/com/google/code/findbugs/jsr305/3.0.2/jsr305-3.0.2.jar:"/>
    <property name="java.vm.vendor" value="Private Build"/>
    <property name="sun.arch.data.model" value="64"/>
    <property name="java.vendor.url" value="Unknown"/>
    <property name="os.name" value="Linux"/>
    <property name="java.vm.specification.version" value="14"/>
    <property name="sun.java.launcher" value="SUN_STANDARD"/>
    <property name="user.country" value="US"/>
    <property name="sun.boot.library.path" value="/usr/lib/jvm/java-14-openjdk-amd64/lib"/>
    <property name="sun.java.command" value="/home/arseniy/proj/sonarlint-mockplugin/target/surefire/surefirebooter14926191201966209732.jar /home/arseniy/proj/sonarlint-mockplugin/target/surefire 2023-08-27T07-18-49_946-jvmRun1 surefire672306536655676850tmp surefire_015386710813874296544tmp"/>
    <property name="jdk.debug" value="release"/>
    <property name="surefire.test.class.path" value="/home/arseniy/proj/sonarlint-mockplugin/target/test-classes:/home/arseniy/proj/sonarlint-mockplugin/target/classes:/home/arseniy/.m2/repository/org/sonarsource/api/plugin/sonar-plugin-api/9.13.0.360/sonar-plugin-api-9.13.0.360.jar:/home/arseniy/.m2/repository/org/sonarsource/analyzer-commons/sonar-analyzer-commons/2.5.0.1358/sonar-analyzer-commons-2.5.0.1358.jar:/home/arseniy/.m2/repository/org/junit/jupiter/junit-jupiter/5.9.1/junit-jupiter-5.9.1.jar:/home/arseniy/.m2/repository/org/junit/jupiter/junit-jupiter-api/5.9.1/junit-jupiter-api-5.9.1.jar:/home/arseniy/.m2/repository/org/opentest4j/opentest4j/1.2.0/opentest4j-1.2.0.jar:/home/arseniy/.m2/repository/org/junit/platform/junit-platform-commons/1.9.1/junit-platform-commons-1.9.1.jar:/home/arseniy/.m2/repository/org/apiguardian/apiguardian-api/1.1.2/apiguardian-api-1.1.2.jar:/home/arseniy/.m2/repository/org/junit/jupiter/junit-jupiter-params/5.9.1/junit-jupiter-params-5.9.1.jar:/home/arseniy/.m2/repository/org/junit/jupiter/junit-jupiter-engine/5.9.1/junit-jupiter-engine-5.9.1.jar:/home/arseniy/.m2/repository/org/junit/platform/junit-platform-engine/1.9.1/junit-platform-engine-1.9.1.jar:/home/arseniy/.m2/repository/org/assertj/assertj-core/3.23.1/assertj-core-3.23.1.jar:/home/arseniy/.m2/repository/net/bytebuddy/byte-buddy/1.12.10/byte-buddy-1.12.10.jar:/home/arseniy/.m2/repository/org/sonarsource/sonarqube/sonar-plugin-api-impl/9.8.0.63668/sonar-plugin-api-impl-9.8.0.63668.jar:/home/arseniy/.m2/repository/commons-codec/commons-codec/1.15/commons-codec-1.15.jar:/home/arseniy/.m2/repository/commons-io/commons-io/2.11.0/commons-io-2.11.0.jar:/home/arseniy/.m2/repository/commons-lang/commons-lang/2.6/commons-lang-2.6.jar:/home/arseniy/.m2/repository/org/apache/commons/commons-csv/1.9.0/commons-csv-1.9.0.jar:/home/arseniy/.m2/repository/com/google/code/findbugs/jsr305/3.0.2/jsr305-3.0.2.jar:"/>
    <property name="sun.cpu.endian" value="little"/>
    <property name="user.home" value="/home/arseniy"/>
    <property name="user.language" value="en"/>
    <property name="java.specification.vendor" value="Oracle Corporation"/>
    <property name="java.version.date" value="2020-07-14"/>
    <property name="java.home" value="/usr/lib/jvm/java-14-openjdk-amd64"/>
    <property name="file.separator" value="/"/>
    <property name="basedir" value="/home/arseniy/proj/sonarlint-mockplugin"/>
    <property name="java.vm.compressedOopsMode" value="Zero based"/>
    <property name="line.separator" value="&#10;"/>
    <property name="java.vm.specification.vendor" value="Oracle Corporation"/>
    <property name="java.specification.name" value="Java Platform API Specification"/>
    <property name="surefire.real.class.path" value="/home/arseniy/proj/sonarlint-mockplugin/target/surefire/surefirebooter14926191201966209732.jar"/>
    <property name="sun.management.compiler" value="HotSpot 64-Bit Tiered Compilers"/>
    <property name="java.runtime.version" value="14.0.2+12-Ubuntu-120.04"/>
    <property name="user.name" value="arseniy"/>
    <property name="path.separator" value=":"/>
    <property name="os.version" value="6.2.0-26-generic"/>
    <property name="java.runtime.name" value="OpenJDK Runtime Environment"/>
    <property name="file.encoding" value="UTF-8"/>
    <property name="java.vm.name" value="OpenJDK 64-Bit Server VM"/>
    <property name="localRepository" value="/home/arseniy/.m2/repository"/>
    <property name="java.vendor.url.bug" value="Unknown"/>
    <property name="java.io.tmpdir" value="/tmp"/>
    <property name="java.version" value="14.0.2"/>
    <property name="user.dir" value="/home/arseniy/proj/sonarlint-mockplugin"/>
    <property name="os.arch" value="amd64"/>
    <property name="java.vm.specification.name" value="Java Virtual Machine Specification"/>
    <property name="java.library.path" value="/usr/java/packages/lib:/usr/lib/x86_64-linux-gnu/jni:/lib/x86_64-linux-gnu:/usr/lib/x86_64-linux-gnu:/usr/lib/jni:/lib:/usr/lib"/>
    <property name="java.vm.info" value="mixed mode, sharing"/>
    <property name="java.vendor" value="Private Build"/>
    <property name="java.vm.version" value="14.0.2+12-Ubuntu-120.04"/>
    <property name="sun.io.unicode.encoding" value="UnicodeLittle"/>
    <property name="java.class.version" value="58.0"/>
  </properties>
  <testcase name="shouldNotStartAnalysisWhenNoFileToAnalyze" classname="necto.sonarlint.mockplugin.MockSensorTest" time="0"/>
  <testcase name="stopOnCancellation" classname="necto.sonarlint.mockplugin.MockSensorTest" time="0.015"/>
  <testcase name="describe" classname="necto.sonarlint.mockplugin.MockSensorTest" time="0.002"/>
  <testcase name="shouldNotRaiseAnIssueOrErrorWhenTheInputFileDoesNotExist" classname="necto.sonarlint.mockplugin.MockSensorTest" time="0.008"/>
  <testcase name="validCheckOnValidFileShouldRaiseIssue" classname="necto.sonarlint.mockplugin.MockSensorTest" time="0.003"/>
</testsuite>